# JRE version: Java(TM) SE Runtime Environment (8.0_66-b17) (build 1.8.0_66-b17)
# Java VM: Java HotSpot(TM) Client VM (25.66-b17 mixed mode windows-x86 )
Heap:
 def new generation   total 4928K, used 889K [0x04800000, 0x04d50000, 0x09d50000)
  eden space 4416K,   8% used [0x04800000, 0x0485e408, 0x04c50000)
  from space 512K, 100% used [0x04c50000, 0x04cd0000, 0x04cd0000)
  to   space 512K,   0% used [0x04cd0000, 0x04cd0000, 0x04d50000)
 tenured generation   total 10944K, used 2060K [0x09d50000, 0x0a800000, 0x14800000)
   the space 10944K,  18% used [0x09d50000, 0x09f532e8, 0x09f53400, 0x0a800000)
 Metaspace       used 7301K, capacity 7486K, committed 7552K, reserved 7552K
GC Heap History (8 events):
Event: 0.324 GC heap before
{Heap before GC invocations=0 (full 0):
 def new generation   total 4928K, used 4416K [0x04800000, 0x04d50000, 0x09d50000)
  eden space 4416K, 100% used [0x04800000, 0x04c50000, 0x04c50000)
  from space 512K,   0% used [0x04c50000, 0x04c50000, 0x04cd0000)
  to   space 512K,   0% used [0x04cd0000, 0x04cd0000, 0x04d50000)
 tenured generation   total 10944K, used 0K [0x09d50000, 0x0a800000, 0x14800000)
   the space 10944K,   0% used [0x09d50000, 0x09d50000, 0x09d50200, 0x0a800000)
 Metaspace       used 2935K, capacity 3058K, committed 3136K, reserved 4480K
Event: 0.326 GC heap after
Heap after GC invocations=1 (full 0):
 def new generation   total 4928K, used 512K [0x04800000, 0x04d50000, 0x09d50000)
  eden space 4416K,   0% used [0x04800000, 0x04800000, 0x04c50000)
  from space 512K, 100% used [0x04cd0000, 0x04d50000, 0x04d50000)
  to   space 512K,   0% used [0x04c50000, 0x04c50000, 0x04cd0000)
 tenured generation   total 10944K, used 167K [0x09d50000, 0x0a800000, 0x14800000)
   the space 10944K,   1% used [0x09d50000, 0x09d79c08, 0x09d79e00, 0x0a800000)
 Metaspace       used 2935K, capacity 3058K, committed 3136K, reserved 4480K
}
Event: 0.531 GC heap before
{Heap before GC invocations=1 (full 0):
 def new generation   total 4928K, used 4928K [0x04800000, 0x04d50000, 0x09d50000)
  eden space 4416K, 100% used [0x04800000, 0x04c50000, 0x04c50000)
  from space 512K, 100% used [0x04cd0000, 0x04d50000, 0x04d50000)
  to   space 512K,   0% used [0x04c50000, 0x04c50000, 0x04cd0000)
 tenured generation   total 10944K, used 167K [0x09d50000, 0x0a800000, 0x14800000)
   the space 10944K,   1% used [0x09d50000, 0x09d79c08, 0x09d79e00, 0x0a800000)
 Metaspace       used 5069K, capacity 5225K, committed 5248K, reserved 5504K
Event: 0.534 GC heap after
Heap after GC invocations=2 (full 0):
 def new generation   total 4928K, used 512K [0x04800000, 0x04d50000, 0x09d50000)
  eden space 4416K,   0% used [0x04800000, 0x04800000, 0x04c50000)
  from space 512K, 100% used [0x04c50000, 0x04cd0000, 0x04cd0000)
  to   space 512K,   0% used [0x04cd0000, 0x04cd0000, 0x04d50000)
 tenured generation   total 10944K, used 833K [0x09d50000, 0x0a800000, 0x14800000)
   the space 10944K,   7% used [0x09d50000, 0x09e206a0, 0x09e20800, 0x0a800000)
 Metaspace       used 5069K, capacity 5225K, committed 5248K, reserved 5504K
}
Event: 0.618 GC heap before
{Heap before GC invocations=2 (full 0):
 def new generation   total 4928K, used 4928K [0x04800000, 0x04d50000, 0x09d50000)
  eden space 4416K, 100% used [0x04800000, 0x04c50000, 0x04c50000)
  from space 512K, 100% used [0x04c50000, 0x04cd0000, 0x04cd0000)
  to   space 512K,   0% used [0x04cd0000, 0x04cd0000, 0x04d50000)
 tenured generation   total 10944K, used 833K [0x09d50000, 0x0a800000, 0x14800000)
   the space 10944K,   7% used [0x09d50000, 0x09e206a0, 0x09e20800, 0x0a800000)
 Metaspace       used 5091K, capacity 5257K, committed 5376K, reserved 5504K
Event: 0.621 GC heap after
Heap after GC invocations=3 (full 0):
 def new generation   total 4928K, used 428K [0x04800000, 0x04d50000, 0x09d50000)
  eden space 4416K,   0% used [0x04800000, 0x04800000, 0x04c50000)
  from space 512K,  83% used [0x04cd0000, 0x04d3b390, 0x04d50000)
  to   space 512K,   0% used [0x04c50000, 0x04c50000, 0x04cd0000)
 tenured generation   total 10944K, used 1315K [0x09d50000, 0x0a800000, 0x14800000)
   the space 10944K,  12% used [0x09d50000, 0x09e98e20, 0x09e99000, 0x0a800000)
 Metaspace       used 5091K, capacity 5257K, committed 5376K, reserved 5504K
}
Event: 0.835 GC heap before
{Heap before GC invocations=3 (full 0):
 def new generation   total 4928K, used 4844K [0x04800000, 0x04d50000, 0x09d50000)
  eden space 4416K, 100% used [0x04800000, 0x04c50000, 0x04c50000)
  from space 512K,  83% used [0x04cd0000, 0x04d3b390, 0x04d50000)
  to   space 512K,   0% used [0x04c50000, 0x04c50000, 0x04cd0000)
 tenured generation   total 10944K, used 1315K [0x09d50000, 0x0a800000, 0x14800000)
   the space 10944K,  12% used [0x09d50000, 0x09e98e20, 0x09e99000, 0x0a800000)
 Metaspace       used 7075K, capacity 7262K, committed 7296K, reserved 7552K
Event: 0.839 GC heap after
Heap after GC invocations=4 (full 0):
 def new generation   total 4928K, used 512K [0x04800000, 0x04d50000, 0x09d50000)
  eden space 4416K,   0% used [0x04800000, 0x04800000, 0x04c50000)
  from space 512K, 100% used [0x04c50000, 0x04cd0000, 0x04cd0000)
  to   space 512K,   0% used [0x04cd0000, 0x04cd0000, 0x04d50000)
 tenured generation   total 10944K, used 2060K [0x09d50000, 0x0a800000, 0x14800000)
   the space 10944K,  18% used [0x09d50000, 0x09f532e8, 0x09f53400, 0x0a800000)
 Metaspace       used 7075K, capacity 7262K, committed 7296K, reserved 7552K
}

